20-04-2020 20:23:41.024 [Gauge] [INFO] Watching directory: /Users/madduris/Documents/CATechTest/specs
20-04-2020 20:23:41.025 [Gauge] [DEBUG] Found 1 files
20-04-2020 20:23:41.053 [Gauge] [INFO] Initializing concepts cache with 0 concepts
20-04-2020 20:23:41.066 [Gauge] [INFO] Initializing specs cache with 1 specs
20-04-2020 20:23:41.067 [Gauge] [DEBUG] Adding specs from /Users/madduris/Documents/CATechTest/specs/example.spec
20-04-2020 20:23:41.067 [Gauge] [INFO] Initializing steps cache with 1 steps
20-04-2020 20:23:41.069 [Gauge] [INFO] Starting language runner
20-04-2020 20:23:42.015 [Gauge] [DEBUG] Attempting to connect to grpc server at port: 64408
20-04-2020 20:23:42.027 [Gauge] [DEBUG] Successfully made the connection with runner with port: 64408
20-04-2020 20:23:42.027 [Gauge] [INFO] LangServer: reading on stdin, writing on stdout
20-04-2020 20:23:42.070 [Gauge] [DEBUG] Validation started.
20-04-2020 20:23:42.075 [Gauge] [DEBUG] Validation completed.
20-04-2020 20:23:49.403 [Gauge] [DEBUG] Validation started.
20-04-2020 20:23:49.406 [Gauge] [DEBUG] Validation completed.
20-04-2020 20:23:51.016 [Gauge] [DEBUG] Validation started.
20-04-2020 20:23:51.021 [Gauge] [DEBUG] Validation completed.
20-04-2020 20:23:51.039 [Gauge] [DEBUG] Validation started.
20-04-2020 20:23:51.042 [Gauge] [DEBUG] Validation completed.
20-04-2020 20:24:03.346 [Gauge] [DEBUG] Validation started.
20-04-2020 20:24:03.348 [Gauge] [DEBUG] Validation completed.
20-04-2020 20:24:17.297 [Gauge] [DEBUG] Validation started.
20-04-2020 20:24:17.303 [Gauge] [DEBUG] Validation completed.
20-04-2020 20:24:18.952 [Gauge] [DEBUG] Validation started.
20-04-2020 20:24:18.954 [Gauge] [DEBUG] Validation completed.
20-04-2020 20:24:50.825 [Gauge] [DEBUG] Validation started.
20-04-2020 20:24:50.835 [Gauge] [DEBUG] Validation completed.
20-04-2020 20:26:12.958 [Gauge] [INFO] Spec file added / modified: /Users/madduris/Documents/CATechTest/specs/home-page.spec
20-04-2020 20:26:12.958 [Gauge] [INFO] Spec file added / modified: /Users/madduris/Documents/CATechTest/specs/home-page.spec
20-04-2020 20:26:13.033 [Gauge] [DEBUG] request #12: textDocument/documentSymbol: parsing failed for /Users/madduris/Documents/CATechTest/specs/home-page.spec. [[ParseError] /Users/madduris/Documents/CATechTest/specs/home-page.spec:1 Spec does not have any elements => '']
20-04-2020 20:26:13.051 [Gauge] [DEBUG] Validation started.
20-04-2020 20:26:13.062 [Gauge] [DEBUG] Validation completed.
20-04-2020 20:26:13.266 [Gauge] [DEBUG] request #13: textDocument/codeLens: failed to parse /Users/madduris/Documents/CATechTest/specs/home-page.spec
/Users/madduris/Documents/CATechTest/specs/home-page.spec:1 Spec does not have any elements
20-04-2020 20:26:13.490 [Gauge] [DEBUG] Validation started.
20-04-2020 20:26:13.494 [Gauge] [DEBUG] Validation completed.
20-04-2020 20:26:14.360 [Gauge] [INFO] Spec file added / modified: /Users/madduris/Documents/CATechTest/specs/home-page.spec
20-04-2020 20:26:14.388 [Gauge] [DEBUG] Validation started.
20-04-2020 20:27:21.797 [Gauge] [INFO] Watching directory: /Users/madduris/Documents/CATechTest/specs/support
20-04-2020 20:27:21.797 [Gauge] [DEBUG] Found 0 files
20-04-2020 20:29:02.389 [Gauge] [DEBUG] Validation started.
20-04-2020 20:29:10.541 [Gauge] [DEBUG] Validation started.
20-04-2020 20:29:10.946 [Gauge] [DEBUG] Validation started.
20-04-2020 20:29:11.470 [Gauge] [DEBUG] Validation started.
20-04-2020 20:29:27.839 [Gauge] [DEBUG] Validation started.
20-04-2020 20:29:28.302 [Gauge] [DEBUG] Validation started.
20-04-2020 20:29:28.902 [Gauge] [DEBUG] Validation started.
20-04-2020 20:29:28.906 [Gauge] [DEBUG] Validation completed.
20-04-2020 20:29:30.492 [Gauge] [DEBUG] Validation started.
20-04-2020 20:29:30.500 [Gauge] [DEBUG] Validation completed.
20-04-2020 20:30:06.424 [Gauge] [DEBUG] Validation started.
20-04-2020 20:30:06.429 [Gauge] [DEBUG] Validation completed.
20-04-2020 20:30:06.734 [Gauge] [DEBUG] Validation started.
20-04-2020 20:30:06.737 [Gauge] [DEBUG] Validation completed.
20-04-2020 20:30:08.835 [Gauge] [DEBUG] Validation started.
20-04-2020 20:30:08.841 [Gauge] [DEBUG] Validation completed.
20-04-2020 20:30:12.017 [Gauge] [DEBUG] Validation started.
20-04-2020 20:30:12.021 [Gauge] [DEBUG] Validation completed.
20-04-2020 20:30:12.506 [Gauge] [DEBUG] Validation started.
20-04-2020 20:30:12.511 [Gauge] [DEBUG] Validation completed.
20-04-2020 20:30:32.769 [Gauge] [DEBUG] Validation started.
20-04-2020 20:30:32.773 [Gauge] [DEBUG] Validation completed.
20-04-2020 20:30:50.128 [Gauge] [DEBUG] Validation started.
20-04-2020 20:30:50.132 [Gauge] [DEBUG] Validation completed.
20-04-2020 20:30:50.606 [Gauge] [DEBUG] Validation started.
20-04-2020 20:30:50.610 [Gauge] [DEBUG] Validation completed.
20-04-2020 20:31:06.071 [Gauge] [DEBUG] Validation started.
20-04-2020 20:31:06.075 [Gauge] [DEBUG] Validation completed.
20-04-2020 20:31:06.546 [Gauge] [DEBUG] Validation started.
20-04-2020 20:31:06.550 [Gauge] [DEBUG] Validation completed.
20-04-2020 20:31:07.040 [Gauge] [DEBUG] Validation started.
20-04-2020 20:31:07.048 [Gauge] [DEBUG] Validation completed.
20-04-2020 20:33:19.076 [Gauge] [DEBUG] Validation started.
20-04-2020 20:33:19.081 [Gauge] [DEBUG] Validation completed.
20-04-2020 20:33:19.106 [Gauge] [DEBUG] Validation started.
20-04-2020 20:33:19.111 [Gauge] [DEBUG] Validation completed.
20-04-2020 20:33:21.747 [Gauge] [DEBUG] Validation started.
20-04-2020 20:33:21.753 [Gauge] [DEBUG] Validation completed.
20-04-2020 20:33:36.210 [Gauge] [DEBUG] Validation started.
20-04-2020 20:33:36.216 [Gauge] [DEBUG] Validation completed.
20-04-2020 20:33:58.965 [Gauge] [DEBUG] Validation started.
20-04-2020 20:33:58.969 [Gauge] [DEBUG] Validation completed.
20-04-2020 20:33:59.023 [Gauge] [DEBUG] Validation started.
20-04-2020 20:33:59.054 [Gauge] [DEBUG] Validation completed.
20-04-2020 20:34:22.447 [Gauge] [DEBUG] Validation started.
20-04-2020 20:34:22.454 [Gauge] [DEBUG] Validation completed.
20-04-2020 20:35:48.384 [Gauge] [DEBUG] Validation started.
20-04-2020 20:35:48.396 [Gauge] [DEBUG] Validation completed.
20-04-2020 20:36:48.121 [Gauge] [DEBUG] Validation started.
20-04-2020 20:36:48.134 [Gauge] [DEBUG] Validation completed.
20-04-2020 20:36:49.198 [Gauge] [DEBUG] Validation started.
20-04-2020 20:36:49.203 [Gauge] [DEBUG] Validation completed.
20-04-2020 20:36:50.024 [Gauge] [DEBUG] Validation started.
20-04-2020 20:36:50.027 [Gauge] [DEBUG] Validation completed.
20-04-2020 20:36:50.228 [Gauge] [DEBUG] Validation started.
20-04-2020 20:36:50.231 [Gauge] [DEBUG] Validation completed.
20-04-2020 20:36:51.131 [Gauge] [DEBUG] Validation started.
20-04-2020 20:36:51.136 [Gauge] [DEBUG] Validation completed.
20-04-2020 20:36:53.191 [Gauge] [DEBUG] Validation started.
20-04-2020 20:36:53.196 [Gauge] [DEBUG] Validation completed.
20-04-2020 20:36:57.400 [Gauge] [DEBUG] Validation started.
20-04-2020 20:36:57.405 [Gauge] [DEBUG] Validation completed.
20-04-2020 20:40:15.004 [Gauge] [DEBUG] Validation started.
20-04-2020 20:40:15.010 [Gauge] [DEBUG] Validation completed.
20-04-2020 20:40:15.272 [Gauge] [DEBUG] Validation started.
20-04-2020 20:40:15.279 [Gauge] [DEBUG] Validation completed.
20-04-2020 20:40:18.630 [Gauge] [DEBUG] Validation started.
20-04-2020 20:40:18.633 [Gauge] [DEBUG] Validation completed.
20-04-2020 20:40:19.344 [Gauge] [DEBUG] Validation started.
20-04-2020 20:40:19.348 [Gauge] [DEBUG] Validation completed.
20-04-2020 20:42:03.346 [Gauge] [DEBUG] Validation started.
20-04-2020 20:42:03.352 [Gauge] [DEBUG] Validation completed.
20-04-2020 20:42:03.827 [Gauge] [DEBUG] Validation started.
20-04-2020 20:42:03.831 [Gauge] [DEBUG] Validation completed.
20-04-2020 20:42:04.061 [Gauge] [DEBUG] Validation started.
20-04-2020 20:42:04.065 [Gauge] [DEBUG] Validation completed.
20-04-2020 20:42:04.312 [Gauge] [DEBUG] Validation started.
20-04-2020 20:42:04.316 [Gauge] [DEBUG] Validation completed.
20-04-2020 20:42:06.529 [Gauge] [DEBUG] Validation started.
20-04-2020 20:42:06.538 [Gauge] [DEBUG] Validation completed.
20-04-2020 20:42:07.027 [Gauge] [DEBUG] Validation started.
20-04-2020 20:42:07.031 [Gauge] [DEBUG] Validation completed.
20-04-2020 20:42:07.455 [Gauge] [DEBUG] Validation started.
20-04-2020 20:42:07.460 [Gauge] [DEBUG] Validation completed.
20-04-2020 20:42:07.804 [Gauge] [DEBUG] Validation started.
20-04-2020 20:42:07.808 [Gauge] [DEBUG] Validation completed.
20-04-2020 20:42:08.602 [Gauge] [DEBUG] Validation started.
20-04-2020 20:42:08.606 [Gauge] [DEBUG] Validation completed.
20-04-2020 20:42:08.803 [Gauge] [DEBUG] Validation started.
20-04-2020 20:42:08.806 [Gauge] [DEBUG] Validation completed.
20-04-2020 20:42:09.165 [Gauge] [DEBUG] Validation started.
20-04-2020 20:42:09.173 [Gauge] [DEBUG] Validation completed.
20-04-2020 21:09:24.746 [Gauge] [DEBUG] Validation started.
20-04-2020 21:09:24.778 [Gauge] [DEBUG] Validation completed.
20-04-2020 21:12:31.170 [Gauge] [DEBUG] Validation started.
20-04-2020 21:12:31.180 [Gauge] [DEBUG] Validation completed.
20-04-2020 21:12:35.126 [Gauge] [DEBUG] Validation started.
20-04-2020 21:12:35.135 [Gauge] [DEBUG] Validation completed.
20-04-2020 21:12:38.664 [Gauge] [DEBUG] Validation started.
20-04-2020 21:12:38.700 [Gauge] [DEBUG] Validation completed.
20-04-2020 21:12:38.809 [Gauge] [DEBUG] Validation started.
20-04-2020 21:12:38.820 [Gauge] [DEBUG] Validation completed.
20-04-2020 21:12:39.821 [Gauge] [DEBUG] Validation started.
20-04-2020 21:12:39.825 [Gauge] [DEBUG] Validation completed.
20-04-2020 21:12:41.133 [Gauge] [DEBUG] Validation started.
20-04-2020 21:12:41.137 [Gauge] [DEBUG] Validation completed.
20-04-2020 21:12:42.744 [Gauge] [DEBUG] Validation started.
20-04-2020 21:12:42.747 [Gauge] [DEBUG] Validation completed.
20-04-2020 21:12:43.335 [Gauge] [DEBUG] Validation started.
20-04-2020 21:12:43.344 [Gauge] [DEBUG] Validation completed.
20-04-2020 21:12:43.650 [Gauge] [DEBUG] Validation started.
20-04-2020 21:12:43.657 [Gauge] [DEBUG] Validation completed.
20-04-2020 21:12:45.461 [Gauge] [DEBUG] Validation started.
20-04-2020 21:12:45.469 [Gauge] [DEBUG] Validation completed.
20-04-2020 21:12:45.876 [Gauge] [DEBUG] Validation started.
20-04-2020 21:12:45.879 [Gauge] [DEBUG] Validation completed.
20-04-2020 21:12:46.117 [Gauge] [DEBUG] Validation started.
20-04-2020 21:12:46.122 [Gauge] [DEBUG] Validation completed.
20-04-2020 21:12:46.714 [Gauge] [DEBUG] Validation started.
20-04-2020 21:12:46.719 [Gauge] [DEBUG] Validation completed.
20-04-2020 21:12:46.927 [Gauge] [DEBUG] Validation started.
20-04-2020 21:12:46.934 [Gauge] [DEBUG] Validation completed.
20-04-2020 21:12:47.382 [Gauge] [DEBUG] Validation started.
20-04-2020 21:12:47.385 [Gauge] [DEBUG] Validation completed.
20-04-2020 21:12:47.979 [Gauge] [DEBUG] Validation started.
20-04-2020 21:12:47.985 [Gauge] [DEBUG] Validation completed.
20-04-2020 21:12:48.189 [Gauge] [DEBUG] Validation started.
20-04-2020 21:12:48.192 [Gauge] [DEBUG] Validation completed.
20-04-2020 21:12:49.039 [Gauge] [DEBUG] Validation started.
20-04-2020 21:12:49.042 [Gauge] [DEBUG] Validation completed.
20-04-2020 21:12:49.362 [Gauge] [DEBUG] Validation started.
20-04-2020 21:12:49.368 [Gauge] [DEBUG] Validation completed.
20-04-2020 21:12:50.880 [Gauge] [DEBUG] Validation started.
20-04-2020 21:12:50.884 [Gauge] [DEBUG] Validation completed.
20-04-2020 21:12:51.760 [Gauge] [DEBUG] Validation started.
20-04-2020 21:12:51.763 [Gauge] [DEBUG] Validation completed.
20-04-2020 21:12:56.082 [Gauge] [DEBUG] Validation started.
20-04-2020 21:12:56.085 [Gauge] [DEBUG] Validation completed.
20-04-2020 21:12:57.152 [Gauge] [DEBUG] Validation started.
20-04-2020 21:12:57.161 [Gauge] [DEBUG] Validation completed.
20-04-2020 21:12:58.378 [Gauge] [DEBUG] Validation started.
20-04-2020 21:12:58.382 [Gauge] [DEBUG] Validation completed.
20-04-2020 21:13:00.011 [Gauge] [DEBUG] Validation started.
20-04-2020 21:13:00.017 [Gauge] [DEBUG] Validation completed.
20-04-2020 21:13:07.138 [Gauge] [DEBUG] Validation started.
20-04-2020 21:13:07.143 [Gauge] [DEBUG] Validation completed.
20-04-2020 21:13:07.693 [Gauge] [DEBUG] Validation started.
20-04-2020 21:13:07.698 [Gauge] [DEBUG] Validation completed.
20-04-2020 21:13:08.028 [Gauge] [DEBUG] Validation started.
20-04-2020 21:13:08.030 [Gauge] [DEBUG] Validation completed.
20-04-2020 21:13:08.595 [Gauge] [DEBUG] Validation started.
20-04-2020 21:13:08.598 [Gauge] [DEBUG] Validation completed.
20-04-2020 21:13:09.630 [Gauge] [DEBUG] Validation started.
20-04-2020 21:13:09.634 [Gauge] [DEBUG] Validation completed.
20-04-2020 21:13:09.878 [Gauge] [DEBUG] Validation started.
20-04-2020 21:13:09.882 [Gauge] [DEBUG] Validation completed.
20-04-2020 21:13:11.077 [Gauge] [DEBUG] Validation started.
20-04-2020 21:13:11.081 [Gauge] [DEBUG] Validation completed.
20-04-2020 21:13:11.514 [Gauge] [DEBUG] Validation started.
20-04-2020 21:13:11.517 [Gauge] [DEBUG] Validation completed.
20-04-2020 21:13:11.798 [Gauge] [DEBUG] Validation started.
20-04-2020 21:13:11.810 [Gauge] [DEBUG] Validation completed.
20-04-2020 21:13:12.506 [Gauge] [DEBUG] Validation started.
20-04-2020 21:13:12.518 [Gauge] [DEBUG] Validation completed.
20-04-2020 21:13:12.884 [Gauge] [DEBUG] Validation started.
20-04-2020 21:13:12.887 [Gauge] [DEBUG] Validation completed.
20-04-2020 21:13:14.490 [Gauge] [DEBUG] Validation started.
20-04-2020 21:13:14.494 [Gauge] [DEBUG] Validation completed.
20-04-2020 21:13:15.856 [Gauge] [DEBUG] Validation started.
20-04-2020 21:13:15.868 [Gauge] [DEBUG] Validation completed.
20-04-2020 21:13:16.249 [Gauge] [DEBUG] Validation started.
20-04-2020 21:13:16.255 [Gauge] [DEBUG] Validation completed.
20-04-2020 21:13:18.529 [Gauge] [DEBUG] Validation started.
20-04-2020 21:13:18.533 [Gauge] [DEBUG] Validation completed.
20-04-2020 21:13:21.441 [Gauge] [DEBUG] Validation started.
20-04-2020 21:13:21.449 [Gauge] [DEBUG] Validation completed.
20-04-2020 21:13:30.185 [Gauge] [DEBUG] Validation started.
20-04-2020 21:13:30.188 [Gauge] [DEBUG] Validation completed.
20-04-2020 21:13:32.043 [Gauge] [DEBUG] Validation started.
20-04-2020 21:13:32.050 [Gauge] [DEBUG] Validation completed.
20-04-2020 21:13:35.973 [Gauge] [DEBUG] Validation started.
20-04-2020 21:13:35.979 [Gauge] [DEBUG] Validation completed.
20-04-2020 21:13:36.419 [Gauge] [DEBUG] Validation started.
20-04-2020 21:13:36.425 [Gauge] [DEBUG] Validation completed.
20-04-2020 21:13:38.175 [Gauge] [DEBUG] Validation started.
20-04-2020 21:13:38.180 [Gauge] [DEBUG] Validation completed.
20-04-2020 21:13:38.677 [Gauge] [DEBUG] Validation started.
20-04-2020 21:13:38.680 [Gauge] [DEBUG] Validation completed.
20-04-2020 21:13:39.052 [Gauge] [DEBUG] Validation started.
20-04-2020 21:13:39.064 [Gauge] [DEBUG] Validation completed.
20-04-2020 21:13:39.496 [Gauge] [DEBUG] Validation started.
20-04-2020 21:13:39.500 [Gauge] [DEBUG] Validation completed.
20-04-2020 21:13:40.067 [Gauge] [DEBUG] Validation started.
20-04-2020 21:13:40.072 [Gauge] [DEBUG] Validation completed.
20-04-2020 21:13:41.173 [Gauge] [DEBUG] Validation started.
20-04-2020 21:13:41.282 [Gauge] [DEBUG] Validation completed.
20-04-2020 21:13:48.005 [Gauge] [DEBUG] Validation started.
20-04-2020 21:13:48.009 [Gauge] [DEBUG] Validation completed.
20-04-2020 21:13:50.093 [Gauge] [DEBUG] Validation started.
20-04-2020 21:13:50.096 [Gauge] [DEBUG] Validation completed.
20-04-2020 21:13:50.472 [Gauge] [DEBUG] Validation started.
20-04-2020 21:13:50.477 [Gauge] [DEBUG] Validation completed.
20-04-2020 21:13:50.855 [Gauge] [DEBUG] Validation started.
20-04-2020 21:13:50.871 [Gauge] [DEBUG] Validation completed.
20-04-2020 21:13:51.054 [Gauge] [DEBUG] Validation started.
20-04-2020 21:13:51.056 [Gauge] [DEBUG] Validation completed.
20-04-2020 21:13:51.422 [Gauge] [DEBUG] Validation started.
20-04-2020 21:13:51.426 [Gauge] [DEBUG] Validation completed.
20-04-2020 21:13:51.823 [Gauge] [DEBUG] Validation started.
20-04-2020 21:13:51.829 [Gauge] [DEBUG] Validation completed.
20-04-2020 21:13:52.364 [Gauge] [DEBUG] Validation started.
20-04-2020 21:13:52.368 [Gauge] [DEBUG] Validation completed.
20-04-2020 21:14:00.497 [Gauge] [DEBUG] Validation started.
20-04-2020 21:14:00.500 [Gauge] [DEBUG] Validation completed.
20-04-2020 21:14:04.040 [Gauge] [DEBUG] Validation started.
20-04-2020 21:14:04.046 [Gauge] [DEBUG] Validation completed.
20-04-2020 21:14:06.487 [Gauge] [DEBUG] Validation started.
20-04-2020 21:14:06.492 [Gauge] [DEBUG] Validation completed.
20-04-2020 21:14:08.931 [Gauge] [DEBUG] Validation started.
20-04-2020 21:14:08.934 [Gauge] [DEBUG] Validation completed.
20-04-2020 21:14:10.890 [Gauge] [DEBUG] Validation started.
20-04-2020 21:14:10.895 [Gauge] [DEBUG] Validation completed.
20-04-2020 21:14:13.031 [Gauge] [DEBUG] Validation started.
20-04-2020 21:14:13.036 [Gauge] [DEBUG] Validation completed.
20-04-2020 21:16:15.875 [Gauge] [DEBUG] Validation started.
20-04-2020 21:16:15.882 [Gauge] [DEBUG] Validation completed.
20-04-2020 21:16:16.292 [Gauge] [DEBUG] Validation started.
20-04-2020 21:16:16.295 [Gauge] [DEBUG] Validation completed.
20-04-2020 21:16:16.783 [Gauge] [DEBUG] Validation started.
20-04-2020 21:16:16.787 [Gauge] [DEBUG] Validation completed.
20-04-2020 21:16:44.838 [Gauge] [DEBUG] Validation started.
20-04-2020 21:16:44.842 [Gauge] [DEBUG] Validation completed.
20-04-2020 21:16:53.247 [Gauge] [DEBUG] Validation started.
20-04-2020 21:16:53.251 [Gauge] [DEBUG] Validation completed.
20-04-2020 21:16:53.644 [Gauge] [DEBUG] Validation started.
20-04-2020 21:16:53.648 [Gauge] [DEBUG] Validation completed.
20-04-2020 21:17:39.474 [Gauge] [DEBUG] Validation started.
20-04-2020 21:17:39.482 [Gauge] [DEBUG] Validation completed.
20-04-2020 21:17:39.831 [Gauge] [DEBUG] Validation started.
20-04-2020 21:17:39.835 [Gauge] [DEBUG] Validation completed.
20-04-2020 21:17:40.972 [Gauge] [DEBUG] Validation started.
20-04-2020 21:17:40.976 [Gauge] [DEBUG] Validation completed.
20-04-2020 21:17:41.544 [Gauge] [DEBUG] Validation started.
20-04-2020 21:17:41.549 [Gauge] [DEBUG] Validation completed.
20-04-2020 21:17:45.607 [Gauge] [DEBUG] Validation started.
20-04-2020 21:17:45.612 [Gauge] [DEBUG] Validation completed.
20-04-2020 21:18:40.564 [Gauge] [DEBUG] Validation started.
20-04-2020 21:18:40.573 [Gauge] [DEBUG] Validation completed.
20-04-2020 21:18:50.745 [Gauge] [DEBUG] Validation started.
20-04-2020 21:18:50.752 [Gauge] [DEBUG] Validation completed.
20-04-2020 21:18:51.390 [Gauge] [DEBUG] Validation started.
20-04-2020 21:18:51.396 [Gauge] [DEBUG] Validation completed.
20-04-2020 21:18:56.955 [Gauge] [DEBUG] Validation started.
20-04-2020 21:18:56.969 [Gauge] [DEBUG] Validation completed.
20-04-2020 21:18:57.159 [Gauge] [DEBUG] Validation started.
20-04-2020 21:18:57.162 [Gauge] [DEBUG] Validation completed.
20-04-2020 21:18:57.392 [Gauge] [DEBUG] Validation started.
20-04-2020 21:18:57.396 [Gauge] [DEBUG] Validation completed.
20-04-2020 21:18:57.881 [Gauge] [DEBUG] Validation started.
20-04-2020 21:18:57.885 [Gauge] [DEBUG] Validation completed.
20-04-2020 21:18:58.085 [Gauge] [DEBUG] Validation started.
20-04-2020 21:18:58.088 [Gauge] [DEBUG] Validation completed.
20-04-2020 21:18:58.309 [Gauge] [DEBUG] Validation started.
20-04-2020 21:18:58.313 [Gauge] [DEBUG] Validation completed.
20-04-2020 21:18:58.798 [Gauge] [DEBUG] Validation started.
20-04-2020 21:18:58.802 [Gauge] [DEBUG] Validation completed.
20-04-2020 21:18:59.178 [Gauge] [DEBUG] Validation started.
20-04-2020 21:18:59.181 [Gauge] [DEBUG] Validation completed.
20-04-2020 21:18:59.502 [Gauge] [DEBUG] Validation started.
20-04-2020 21:18:59.511 [Gauge] [DEBUG] Validation completed.
20-04-2020 21:18:59.744 [Gauge] [DEBUG] Validation started.
20-04-2020 21:18:59.749 [Gauge] [DEBUG] Validation completed.
20-04-2020 21:19:00.171 [Gauge] [DEBUG] Validation started.
20-04-2020 21:19:00.176 [Gauge] [DEBUG] Validation completed.
20-04-2020 21:19:00.549 [Gauge] [DEBUG] Validation started.
20-04-2020 21:19:00.553 [Gauge] [DEBUG] Validation completed.
20-04-2020 21:19:01.012 [Gauge] [DEBUG] Validation started.
20-04-2020 21:19:01.016 [Gauge] [DEBUG] Validation completed.
20-04-2020 21:19:03.463 [Gauge] [DEBUG] Validation started.
20-04-2020 21:19:03.471 [Gauge] [DEBUG] Validation completed.
20-04-2020 21:19:03.669 [Gauge] [DEBUG] Validation started.
20-04-2020 21:19:03.672 [Gauge] [DEBUG] Validation completed.
20-04-2020 21:19:04.383 [Gauge] [DEBUG] Validation started.
20-04-2020 21:19:04.387 [Gauge] [DEBUG] Validation completed.
20-04-2020 21:19:10.277 [Gauge] [DEBUG] Validation started.
20-04-2020 21:19:10.282 [Gauge] [DEBUG] Validation completed.
20-04-2020 21:19:53.444 [Gauge] [DEBUG] Validation started.
20-04-2020 21:19:53.448 [Gauge] [DEBUG] Validation completed.
20-04-2020 21:19:54.328 [Gauge] [DEBUG] Validation started.
20-04-2020 21:19:54.332 [Gauge] [DEBUG] Validation completed.
20-04-2020 21:19:55.240 [Gauge] [DEBUG] Validation started.
20-04-2020 21:19:55.247 [Gauge] [DEBUG] Validation completed.
20-04-2020 21:19:55.648 [Gauge] [DEBUG] Validation started.
20-04-2020 21:19:55.653 [Gauge] [DEBUG] Validation completed.
20-04-2020 21:19:56.053 [Gauge] [DEBUG] Validation started.
20-04-2020 21:19:56.058 [Gauge] [DEBUG] Validation completed.
20-04-2020 21:19:56.294 [Gauge] [DEBUG] Validation started.
20-04-2020 21:19:56.299 [Gauge] [DEBUG] Validation completed.
20-04-2020 21:19:56.507 [Gauge] [DEBUG] Validation started.
20-04-2020 21:19:56.510 [Gauge] [DEBUG] Validation completed.
20-04-2020 21:19:56.894 [Gauge] [DEBUG] Validation started.
20-04-2020 21:19:56.898 [Gauge] [DEBUG] Validation completed.
20-04-2020 21:19:58.208 [Gauge] [DEBUG] Validation started.
20-04-2020 21:19:58.212 [Gauge] [DEBUG] Validation completed.
20-04-2020 21:19:58.573 [Gauge] [DEBUG] Validation started.
20-04-2020 21:19:58.579 [Gauge] [DEBUG] Validation completed.
20-04-2020 21:20:00.960 [Gauge] [DEBUG] Validation started.
20-04-2020 21:20:00.964 [Gauge] [DEBUG] Validation completed.
20-04-2020 21:20:01.246 [Gauge] [DEBUG] Validation started.
20-04-2020 21:20:01.250 [Gauge] [DEBUG] Validation completed.
20-04-2020 21:20:02.794 [Gauge] [DEBUG] Validation started.
20-04-2020 21:20:02.798 [Gauge] [DEBUG] Validation completed.
20-04-2020 21:20:04.308 [Gauge] [DEBUG] Validation started.
20-04-2020 21:20:04.314 [Gauge] [DEBUG] Validation completed.
20-04-2020 21:20:29.988 [Gauge] [DEBUG] Validation started.
20-04-2020 21:20:29.992 [Gauge] [DEBUG] Validation completed.
20-04-2020 21:22:26.969 [Gauge] [DEBUG] Validation started.
20-04-2020 21:22:26.977 [Gauge] [DEBUG] Validation completed.
20-04-2020 21:23:25.990 [Gauge] [DEBUG] Validation started.
20-04-2020 21:23:25.994 [Gauge] [DEBUG] Validation completed.
20-04-2020 21:24:20.581 [Gauge] [DEBUG] Validation started.
20-04-2020 21:24:20.590 [Gauge] [DEBUG] Validation completed.
20-04-2020 21:24:21.146 [Gauge] [DEBUG] Validation started.
20-04-2020 21:24:21.154 [Gauge] [DEBUG] Validation completed.
20-04-2020 21:24:59.031 [Gauge] [DEBUG] Validation started.
20-04-2020 21:24:59.040 [Gauge] [DEBUG] Validation completed.
20-04-2020 21:24:59.609 [Gauge] [DEBUG] Validation started.
20-04-2020 21:24:59.616 [Gauge] [DEBUG] Validation completed.
20-04-2020 21:25:01.757 [Gauge] [DEBUG] Validation started.
20-04-2020 21:25:01.764 [Gauge] [DEBUG] Validation completed.
20-04-2020 21:25:05.572 [Gauge] [DEBUG] Validation started.
20-04-2020 21:25:05.577 [Gauge] [DEBUG] Validation completed.
20-04-2020 21:26:25.098 [Gauge] [DEBUG] Validation started.
20-04-2020 21:26:25.102 [Gauge] [DEBUG] Validation completed.
20-04-2020 21:27:44.644 [Gauge] [DEBUG] Validation started.
20-04-2020 21:27:44.651 [Gauge] [DEBUG] Validation completed.
20-04-2020 21:27:45.031 [Gauge] [DEBUG] Validation started.
20-04-2020 21:27:45.036 [Gauge] [DEBUG] Validation completed.
20-04-2020 21:27:51.664 [Gauge] [DEBUG] Validation started.
20-04-2020 21:27:51.672 [Gauge] [DEBUG] Validation completed.
20-04-2020 21:27:52.316 [Gauge] [DEBUG] Validation started.
20-04-2020 21:27:52.323 [Gauge] [DEBUG] Validation completed.
20-04-2020 21:27:55.169 [Gauge] [DEBUG] Validation started.
20-04-2020 21:27:55.175 [Gauge] [DEBUG] Validation completed.
20-04-2020 21:28:18.557 [Gauge] [DEBUG] Validation started.
20-04-2020 21:28:18.562 [Gauge] [DEBUG] Validation completed.
20-04-2020 21:28:25.337 [Gauge] [DEBUG] Validation started.
20-04-2020 21:28:25.351 [Gauge] [DEBUG] Validation completed.
20-04-2020 21:28:27.621 [Gauge] [DEBUG] Validation started.
20-04-2020 21:28:27.624 [Gauge] [DEBUG] Validation completed.
20-04-2020 21:30:29.114 [Gauge] [DEBUG] Validation started.
20-04-2020 21:30:29.125 [Gauge] [DEBUG] Validation completed.
20-04-2020 21:30:30.897 [Gauge] [DEBUG] Validation started.
20-04-2020 21:30:30.903 [Gauge] [DEBUG] Validation completed.
20-04-2020 21:30:31.624 [Gauge] [DEBUG] Validation started.
20-04-2020 21:30:31.630 [Gauge] [DEBUG] Validation completed.
20-04-2020 21:30:32.753 [Gauge] [DEBUG] Validation started.
20-04-2020 21:30:32.760 [Gauge] [DEBUG] Validation completed.
20-04-2020 21:30:41.228 [Gauge] [DEBUG] Validation started.
20-04-2020 21:30:41.242 [Gauge] [DEBUG] Validation completed.
20-04-2020 21:30:42.520 [Gauge] [DEBUG] Validation started.
20-04-2020 21:30:42.536 [Gauge] [DEBUG] Validation completed.
20-04-2020 21:30:42.607 [Gauge] [DEBUG] Validation started.
20-04-2020 21:30:42.613 [Gauge] [DEBUG] Validation completed.
20-04-2020 21:30:46.713 [Gauge] [DEBUG] Validation started.
20-04-2020 21:30:46.726 [Gauge] [DEBUG] Validation completed.
20-04-2020 21:30:46.768 [Gauge] [DEBUG] Validation started.
20-04-2020 21:30:46.772 [Gauge] [DEBUG] Validation completed.
20-04-2020 21:31:22.020 [Gauge] [DEBUG] Validation started.
20-04-2020 21:31:22.032 [Gauge] [DEBUG] Validation completed.
20-04-2020 21:31:23.840 [Gauge] [DEBUG] Validation started.
20-04-2020 21:31:23.847 [Gauge] [DEBUG] Validation completed.
20-04-2020 21:33:19.983 [Gauge] [DEBUG] Validation started.
20-04-2020 21:33:19.986 [Gauge] [DEBUG] Validation completed.
20-04-2020 21:33:44.107 [Gauge] [DEBUG] Validation started.
20-04-2020 21:33:44.123 [Gauge] [DEBUG] Validation completed.
20-04-2020 21:33:47.623 [Gauge] [DEBUG] Validation started.
20-04-2020 21:33:47.630 [Gauge] [DEBUG] Validation completed.
20-04-2020 21:34:12.082 [Gauge] [DEBUG] Validation started.
20-04-2020 21:34:12.086 [Gauge] [DEBUG] Validation completed.
20-04-2020 21:34:15.882 [Gauge] [DEBUG] Validation started.
20-04-2020 21:34:15.886 [Gauge] [DEBUG] Validation completed.
20-04-2020 21:34:49.183 [Gauge] [DEBUG] Validation started.
20-04-2020 21:34:49.189 [Gauge] [DEBUG] Validation completed.
20-04-2020 21:34:54.761 [Gauge] [DEBUG] Validation started.
20-04-2020 21:34:54.765 [Gauge] [DEBUG] Validation completed.
20-04-2020 21:35:05.161 [Gauge] [DEBUG] Validation started.
20-04-2020 21:35:05.165 [Gauge] [DEBUG] Validation completed.
20-04-2020 21:35:06.412 [Gauge] [DEBUG] Validation started.
20-04-2020 21:35:06.415 [Gauge] [DEBUG] Validation completed.
20-04-2020 21:35:06.726 [Gauge] [DEBUG] Validation started.
20-04-2020 21:35:06.730 [Gauge] [DEBUG] Validation completed.
20-04-2020 21:35:08.220 [Gauge] [DEBUG] Validation started.
20-04-2020 21:35:08.225 [Gauge] [DEBUG] Validation completed.
20-04-2020 21:35:08.490 [Gauge] [DEBUG] Validation started.
20-04-2020 21:35:08.494 [Gauge] [DEBUG] Validation completed.
20-04-2020 21:35:09.961 [Gauge] [DEBUG] Validation started.
20-04-2020 21:35:09.966 [Gauge] [DEBUG] Validation completed.
20-04-2020 21:35:12.508 [Gauge] [DEBUG] Validation started.
20-04-2020 21:35:12.513 [Gauge] [DEBUG] Validation completed.
20-04-2020 21:35:13.612 [Gauge] [DEBUG] Validation started.
20-04-2020 21:35:13.622 [Gauge] [DEBUG] Validation completed.
20-04-2020 21:35:14.941 [Gauge] [DEBUG] Validation started.
20-04-2020 21:35:14.947 [Gauge] [DEBUG] Validation completed.
20-04-2020 21:35:15.795 [Gauge] [DEBUG] Validation started.
20-04-2020 21:35:15.798 [Gauge] [DEBUG] Validation completed.
20-04-2020 21:35:16.581 [Gauge] [DEBUG] Validation started.
20-04-2020 21:35:16.586 [Gauge] [DEBUG] Validation completed.
20-04-2020 21:35:17.422 [Gauge] [DEBUG] Validation started.
20-04-2020 21:35:17.431 [Gauge] [DEBUG] Validation completed.
20-04-2020 21:35:18.755 [Gauge] [DEBUG] Validation started.
20-04-2020 21:35:18.760 [Gauge] [DEBUG] Validation completed.
20-04-2020 21:35:20.007 [Gauge] [DEBUG] Validation started.
20-04-2020 21:35:20.010 [Gauge] [DEBUG] Validation completed.
20-04-2020 21:35:20.475 [Gauge] [DEBUG] Validation started.
20-04-2020 21:35:20.479 [Gauge] [DEBUG] Validation completed.
20-04-2020 21:35:20.733 [Gauge] [DEBUG] Validation started.
20-04-2020 21:35:20.739 [Gauge] [DEBUG] Validation completed.
20-04-2020 21:35:21.009 [Gauge] [DEBUG] Validation started.
20-04-2020 21:35:21.013 [Gauge] [DEBUG] Validation completed.
20-04-2020 21:35:21.350 [Gauge] [DEBUG] Validation started.
20-04-2020 21:35:21.353 [Gauge] [DEBUG] Validation completed.
20-04-2020 21:35:22.004 [Gauge] [DEBUG] Validation started.
20-04-2020 21:35:22.008 [Gauge] [DEBUG] Validation completed.
20-04-2020 21:35:22.557 [Gauge] [DEBUG] Validation started.
20-04-2020 21:35:22.561 [Gauge] [DEBUG] Validation completed.
20-04-2020 21:37:15.846 [Gauge] [DEBUG] Validation started.
20-04-2020 21:37:15.851 [Gauge] [DEBUG] Validation completed.
20-04-2020 21:37:20.059 [Gauge] [DEBUG] Validation started.
20-04-2020 21:37:20.063 [Gauge] [DEBUG] Validation completed.
20-04-2020 21:37:21.624 [Gauge] [DEBUG] Validation started.
20-04-2020 21:37:21.628 [Gauge] [DEBUG] Validation completed.
20-04-2020 21:37:23.271 [Gauge] [DEBUG] Validation started.
20-04-2020 21:37:23.279 [Gauge] [DEBUG] Validation completed.
20-04-2020 21:37:23.336 [Gauge] [DEBUG] Validation started.
20-04-2020 21:37:23.346 [Gauge] [DEBUG] Validation completed.
20-04-2020 21:37:23.782 [Gauge] [DEBUG] Validation started.
20-04-2020 21:37:23.787 [Gauge] [DEBUG] Validation completed.
20-04-2020 21:37:23.827 [Gauge] [DEBUG] Validation started.
20-04-2020 21:37:23.831 [Gauge] [DEBUG] Validation completed.
20-04-2020 21:37:25.268 [Gauge] [DEBUG] Validation started.
20-04-2020 21:37:25.272 [Gauge] [DEBUG] Validation completed.
20-04-2020 21:37:25.303 [Gauge] [DEBUG] Validation started.
20-04-2020 21:37:25.307 [Gauge] [DEBUG] Validation completed.
20-04-2020 21:37:26.504 [Gauge] [DEBUG] Validation started.
20-04-2020 21:37:26.511 [Gauge] [DEBUG] Validation completed.
20-04-2020 21:37:26.585 [Gauge] [DEBUG] Validation started.
20-04-2020 21:37:26.592 [Gauge] [DEBUG] Validation completed.
20-04-2020 21:37:30.386 [Gauge] [DEBUG] Validation started.
20-04-2020 21:37:30.390 [Gauge] [DEBUG] Validation completed.
20-04-2020 21:37:32.383 [Gauge] [DEBUG] Validation started.
20-04-2020 21:37:32.387 [Gauge] [DEBUG] Validation completed.
20-04-2020 21:37:32.785 [Gauge] [DEBUG] Validation started.
20-04-2020 21:37:32.789 [Gauge] [DEBUG] Validation completed.
20-04-2020 21:37:34.852 [Gauge] [DEBUG] Validation started.
20-04-2020 21:37:34.859 [Gauge] [DEBUG] Validation completed.
20-04-2020 21:37:35.280 [Gauge] [DEBUG] Validation started.
20-04-2020 21:37:35.284 [Gauge] [DEBUG] Validation completed.
20-04-2020 21:37:35.843 [Gauge] [DEBUG] Validation started.
20-04-2020 21:37:35.849 [Gauge] [DEBUG] Validation completed.
20-04-2020 21:38:27.103 [Gauge] [DEBUG] Validation started.
20-04-2020 21:38:27.108 [Gauge] [DEBUG] Validation completed.
20-04-2020 21:38:28.860 [Gauge] [DEBUG] Validation started.
20-04-2020 21:38:28.866 [Gauge] [DEBUG] Validation completed.
20-04-2020 21:38:29.407 [Gauge] [DEBUG] Validation started.
20-04-2020 21:38:29.412 [Gauge] [DEBUG] Validation completed.
20-04-2020 21:38:30.437 [Gauge] [DEBUG] Validation started.
20-04-2020 21:38:30.445 [Gauge] [DEBUG] Validation completed.
20-04-2020 21:38:31.192 [Gauge] [DEBUG] Validation started.
20-04-2020 21:38:31.196 [Gauge] [DEBUG] Validation completed.
20-04-2020 21:38:31.723 [Gauge] [DEBUG] Validation started.
20-04-2020 21:38:31.728 [Gauge] [DEBUG] Validation completed.
20-04-2020 21:38:32.781 [Gauge] [DEBUG] Validation started.
20-04-2020 21:38:32.786 [Gauge] [DEBUG] Validation completed.
20-04-2020 21:38:34.199 [Gauge] [DEBUG] Validation started.
20-04-2020 21:38:34.203 [Gauge] [DEBUG] Validation completed.
20-04-2020 21:38:35.133 [Gauge] [DEBUG] Validation started.
20-04-2020 21:38:35.139 [Gauge] [DEBUG] Validation completed.
20-04-2020 21:38:36.883 [Gauge] [DEBUG] Validation started.
20-04-2020 21:38:36.900 [Gauge] [DEBUG] Validation completed.
20-04-2020 21:38:37.949 [Gauge] [DEBUG] Validation started.
20-04-2020 21:38:37.953 [Gauge] [DEBUG] Validation completed.
20-04-2020 21:38:39.627 [Gauge] [DEBUG] Validation started.
20-04-2020 21:38:39.630 [Gauge] [DEBUG] Validation completed.
20-04-2020 21:38:40.284 [Gauge] [DEBUG] Validation started.
20-04-2020 21:38:40.288 [Gauge] [DEBUG] Validation completed.
20-04-2020 21:38:41.520 [Gauge] [DEBUG] Validation started.
20-04-2020 21:38:41.523 [Gauge] [DEBUG] Validation completed.
20-04-2020 21:38:42.033 [Gauge] [DEBUG] Validation started.
20-04-2020 21:38:42.037 [Gauge] [DEBUG] Validation completed.
20-04-2020 21:38:42.810 [Gauge] [DEBUG] Validation started.
20-04-2020 21:38:42.825 [Gauge] [DEBUG] Validation completed.
20-04-2020 21:38:43.231 [Gauge] [DEBUG] Validation started.
20-04-2020 21:38:43.235 [Gauge] [DEBUG] Validation completed.
20-04-2020 21:38:45.090 [Gauge] [DEBUG] Validation started.
20-04-2020 21:38:45.095 [Gauge] [DEBUG] Validation completed.
20-04-2020 21:39:08.761 [Gauge] [DEBUG] Validation started.
20-04-2020 21:39:08.766 [Gauge] [DEBUG] Validation completed.
20-04-2020 21:39:15.922 [Gauge] [DEBUG] Validation started.
20-04-2020 21:39:15.926 [Gauge] [DEBUG] Validation completed.
20-04-2020 21:39:16.287 [Gauge] [DEBUG] Validation started.
20-04-2020 21:39:16.290 [Gauge] [DEBUG] Validation completed.
20-04-2020 21:39:19.322 [Gauge] [DEBUG] Validation started.
20-04-2020 21:39:19.330 [Gauge] [DEBUG] Validation completed.
20-04-2020 21:39:22.675 [Gauge] [DEBUG] Validation started.
20-04-2020 21:39:22.680 [Gauge] [DEBUG] Validation completed.
20-04-2020 21:39:26.699 [Gauge] [DEBUG] Validation started.
20-04-2020 21:39:26.702 [Gauge] [DEBUG] Validation completed.
20-04-2020 21:39:49.797 [Gauge] [DEBUG] Validation started.
20-04-2020 21:39:49.801 [Gauge] [DEBUG] Validation completed.
20-04-2020 21:39:52.147 [Gauge] [DEBUG] Validation started.
20-04-2020 21:39:52.152 [Gauge] [DEBUG] Validation completed.
20-04-2020 21:41:48.828 [Gauge] [DEBUG] Validation started.
20-04-2020 21:41:48.832 [Gauge] [DEBUG] Validation completed.
20-04-2020 21:41:51.366 [Gauge] [DEBUG] Validation started.
20-04-2020 21:41:51.377 [Gauge] [DEBUG] Validation completed.
20-04-2020 21:42:02.155 [Gauge] [DEBUG] Validation started.
20-04-2020 21:42:02.159 [Gauge] [DEBUG] Validation completed.
20-04-2020 21:42:02.513 [Gauge] [DEBUG] Validation started.
20-04-2020 21:42:02.521 [Gauge] [DEBUG] Validation completed.
20-04-2020 21:42:03.406 [Gauge] [DEBUG] Validation started.
20-04-2020 21:42:03.410 [Gauge] [DEBUG] Validation completed.
20-04-2020 21:42:03.889 [Gauge] [DEBUG] Validation started.
20-04-2020 21:42:03.894 [Gauge] [DEBUG] Validation completed.
20-04-2020 21:42:04.362 [Gauge] [DEBUG] Validation started.
20-04-2020 21:42:04.368 [Gauge] [DEBUG] Validation completed.
20-04-2020 21:42:04.807 [Gauge] [DEBUG] Validation started.
20-04-2020 21:42:04.810 [Gauge] [DEBUG] Validation completed.
20-04-2020 21:42:06.197 [Gauge] [DEBUG] Validation started.
20-04-2020 21:42:06.204 [Gauge] [DEBUG] Validation completed.
20-04-2020 21:42:06.680 [Gauge] [DEBUG] Validation started.
20-04-2020 21:42:06.688 [Gauge] [DEBUG] Validation completed.
20-04-2020 21:42:06.970 [Gauge] [DEBUG] Validation started.
20-04-2020 21:42:06.973 [Gauge] [DEBUG] Validation completed.
20-04-2020 21:42:07.208 [Gauge] [DEBUG] Validation started.
20-04-2020 21:42:07.213 [Gauge] [DEBUG] Validation completed.
20-04-2020 21:42:07.583 [Gauge] [DEBUG] Validation started.
20-04-2020 21:42:07.593 [Gauge] [DEBUG] Validation completed.
20-04-2020 21:42:07.864 [Gauge] [DEBUG] Validation started.
20-04-2020 21:42:07.869 [Gauge] [DEBUG] Validation completed.
20-04-2020 21:42:08.074 [Gauge] [DEBUG] Validation started.
20-04-2020 21:42:08.077 [Gauge] [DEBUG] Validation completed.
20-04-2020 21:42:08.333 [Gauge] [DEBUG] Validation started.
20-04-2020 21:42:08.337 [Gauge] [DEBUG] Validation completed.
20-04-2020 21:42:08.603 [Gauge] [DEBUG] Validation started.
20-04-2020 21:42:08.611 [Gauge] [DEBUG] Validation completed.
20-04-2020 21:42:08.806 [Gauge] [DEBUG] Validation started.
20-04-2020 21:42:08.810 [Gauge] [DEBUG] Validation completed.
20-04-2020 21:42:09.237 [Gauge] [DEBUG] Validation started.
20-04-2020 21:42:09.240 [Gauge] [DEBUG] Validation completed.
20-04-2020 21:42:09.654 [Gauge] [DEBUG] Validation started.
20-04-2020 21:42:09.657 [Gauge] [DEBUG] Validation completed.
20-04-2020 21:42:10.068 [Gauge] [DEBUG] Validation started.
20-04-2020 21:42:10.072 [Gauge] [DEBUG] Validation completed.
20-04-2020 21:42:10.349 [Gauge] [DEBUG] Validation started.
20-04-2020 21:42:10.354 [Gauge] [DEBUG] Validation completed.
20-04-2020 21:42:10.777 [Gauge] [DEBUG] Validation started.
20-04-2020 21:42:10.780 [Gauge] [DEBUG] Validation completed.
20-04-2020 21:42:11.212 [Gauge] [DEBUG] Validation started.
20-04-2020 21:42:11.216 [Gauge] [DEBUG] Validation completed.
20-04-2020 21:42:11.411 [Gauge] [DEBUG] Validation started.
20-04-2020 21:42:11.416 [Gauge] [DEBUG] Validation completed.
20-04-2020 21:42:11.861 [Gauge] [DEBUG] Validation started.
20-04-2020 21:42:11.864 [Gauge] [DEBUG] Validation completed.
20-04-2020 21:42:12.361 [Gauge] [DEBUG] Validation started.
20-04-2020 21:42:12.364 [Gauge] [DEBUG] Validation completed.
20-04-2020 21:42:12.697 [Gauge] [DEBUG] Validation started.
20-04-2020 21:42:12.701 [Gauge] [DEBUG] Validation completed.
20-04-2020 21:42:13.153 [Gauge] [DEBUG] Validation started.
20-04-2020 21:42:13.157 [Gauge] [DEBUG] Validation completed.
20-04-2020 21:42:13.394 [Gauge] [DEBUG] Validation started.
20-04-2020 21:42:13.398 [Gauge] [DEBUG] Validation completed.
20-04-2020 21:42:13.606 [Gauge] [DEBUG] Validation started.
20-04-2020 21:42:13.609 [Gauge] [DEBUG] Validation completed.
20-04-2020 21:42:13.868 [Gauge] [DEBUG] Validation started.
20-04-2020 21:42:13.873 [Gauge] [DEBUG] Validation completed.
20-04-2020 21:42:14.305 [Gauge] [DEBUG] Validation started.
20-04-2020 21:42:14.307 [Gauge] [DEBUG] Validation completed.
20-04-2020 21:43:00.147 [Gauge] [DEBUG] Validation started.
20-04-2020 21:43:00.154 [Gauge] [DEBUG] Validation completed.
20-04-2020 21:43:43.121 [Gauge] [DEBUG] Validation started.
20-04-2020 21:43:43.124 [Gauge] [DEBUG] Validation completed.
20-04-2020 21:43:43.830 [Gauge] [DEBUG] Validation started.
20-04-2020 21:43:43.833 [Gauge] [DEBUG] Validation completed.
20-04-2020 21:46:47.050 [Gauge] [DEBUG] Validation started.
20-04-2020 21:46:47.058 [Gauge] [DEBUG] Validation completed.
20-04-2020 21:46:47.115 [Gauge] [DEBUG] Validation started.
20-04-2020 21:46:47.120 [Gauge] [DEBUG] Validation completed.
20-04-2020 21:46:55.503 [Gauge] [DEBUG] Validation started.
20-04-2020 21:46:55.510 [Gauge] [DEBUG] Validation completed.
20-04-2020 21:46:55.551 [Gauge] [DEBUG] Validation started.
20-04-2020 21:46:55.564 [Gauge] [DEBUG] Validation completed.
20-04-2020 21:52:14.582 [Gauge] [DEBUG] Validation started.
20-04-2020 21:52:14.631 [Gauge] [DEBUG] Validation completed.
20-04-2020 21:52:14.680 [Gauge] [DEBUG] Validation started.
20-04-2020 21:52:14.685 [Gauge] [DEBUG] Validation completed.
20-04-2020 21:52:45.669 [Gauge] [DEBUG] Validation started.
20-04-2020 21:52:45.672 [Gauge] [DEBUG] Validation completed.
20-04-2020 21:52:45.712 [Gauge] [DEBUG] Validation started.
20-04-2020 21:52:45.716 [Gauge] [DEBUG] Validation completed.
20-04-2020 21:52:46.632 [Gauge] [DEBUG] Validation started.
20-04-2020 21:52:46.638 [Gauge] [DEBUG] Validation completed.
20-04-2020 21:52:46.732 [Gauge] [DEBUG] Validation started.
20-04-2020 21:52:46.737 [Gauge] [DEBUG] Validation completed.
20-04-2020 21:53:13.468 [Gauge] [DEBUG] Validation started.
20-04-2020 21:53:13.474 [Gauge] [DEBUG] Validation completed.
20-04-2020 21:53:13.524 [Gauge] [DEBUG] Validation started.
20-04-2020 21:53:13.529 [Gauge] [DEBUG] Validation completed.
20-04-2020 21:55:07.384 [Gauge] [DEBUG] Validation started.
20-04-2020 21:55:07.387 [Gauge] [DEBUG] Validation completed.
20-04-2020 21:55:07.419 [Gauge] [DEBUG] Validation started.
20-04-2020 21:55:07.423 [Gauge] [DEBUG] Validation completed.
20-04-2020 21:55:07.588 [Gauge] [DEBUG] Validation started.
20-04-2020 21:55:07.591 [Gauge] [DEBUG] Validation completed.
20-04-2020 21:55:07.674 [Gauge] [DEBUG] Validation started.
20-04-2020 21:55:07.679 [Gauge] [DEBUG] Validation completed.
20-04-2020 21:55:45.932 [Gauge] [DEBUG] Validation started.
20-04-2020 21:55:45.939 [Gauge] [DEBUG] Validation completed.
20-04-2020 21:55:45.974 [Gauge] [DEBUG] Validation started.
20-04-2020 21:55:45.976 [Gauge] [DEBUG] Validation completed.
20-04-2020 21:55:48.903 [Gauge] [DEBUG] Validation started.
20-04-2020 21:55:48.910 [Gauge] [DEBUG] Validation completed.
20-04-2020 21:55:48.958 [Gauge] [DEBUG] Validation started.
20-04-2020 21:55:48.964 [Gauge] [DEBUG] Validation completed.
20-04-2020 21:55:57.907 [Gauge] [DEBUG] Validation started.
20-04-2020 21:55:57.915 [Gauge] [DEBUG] Validation completed.
20-04-2020 21:55:57.968 [Gauge] [DEBUG] Validation started.
20-04-2020 21:55:57.973 [Gauge] [DEBUG] Validation completed.
20-04-2020 21:57:12.705 [Gauge] [DEBUG] Validation started.
20-04-2020 21:57:12.709 [Gauge] [DEBUG] Validation completed.
20-04-2020 21:57:13.486 [Gauge] [DEBUG] Validation started.
20-04-2020 21:57:13.494 [Gauge] [DEBUG] Validation completed.
20-04-2020 21:57:14.078 [Gauge] [DEBUG] Validation started.
20-04-2020 21:57:14.081 [Gauge] [DEBUG] Validation completed.
20-04-2020 21:57:15.197 [Gauge] [DEBUG] Validation started.
20-04-2020 21:57:15.203 [Gauge] [DEBUG] Validation completed.
20-04-2020 21:57:15.295 [Gauge] [DEBUG] Validation started.
20-04-2020 21:57:15.299 [Gauge] [DEBUG] Validation completed.
20-04-2020 21:57:16.046 [Gauge] [DEBUG] Validation started.
20-04-2020 21:57:16.050 [Gauge] [DEBUG] Validation completed.
20-04-2020 21:57:16.712 [Gauge] [DEBUG] Validation started.
20-04-2020 21:57:16.716 [Gauge] [DEBUG] Validation completed.
20-04-2020 21:57:17.082 [Gauge] [DEBUG] Validation started.
20-04-2020 21:57:17.095 [Gauge] [DEBUG] Validation completed.
20-04-2020 21:57:18.203 [Gauge] [DEBUG] Validation started.
20-04-2020 21:57:18.207 [Gauge] [DEBUG] Validation completed.
20-04-2020 21:57:18.409 [Gauge] [DEBUG] Validation started.
20-04-2020 21:57:18.414 [Gauge] [DEBUG] Validation completed.
20-04-2020 21:57:19.004 [Gauge] [DEBUG] Validation started.
20-04-2020 21:57:19.008 [Gauge] [DEBUG] Validation completed.
20-04-2020 21:57:19.219 [Gauge] [DEBUG] Validation started.
20-04-2020 21:57:19.222 [Gauge] [DEBUG] Validation completed.
20-04-2020 21:57:20.163 [Gauge] [DEBUG] Validation started.
20-04-2020 21:57:20.166 [Gauge] [DEBUG] Validation completed.
20-04-2020 21:57:21.277 [Gauge] [DEBUG] Validation started.
20-04-2020 21:57:21.281 [Gauge] [DEBUG] Validation completed.
20-04-2020 21:57:21.471 [Gauge] [DEBUG] Validation started.
20-04-2020 21:57:21.474 [Gauge] [DEBUG] Validation completed.
20-04-2020 21:57:22.262 [Gauge] [DEBUG] Validation started.
20-04-2020 21:57:22.266 [Gauge] [DEBUG] Validation completed.
20-04-2020 21:57:23.107 [Gauge] [DEBUG] Validation started.
20-04-2020 21:57:23.110 [Gauge] [DEBUG] Validation completed.
20-04-2020 21:57:23.939 [Gauge] [DEBUG] Validation started.
20-04-2020 21:57:23.948 [Gauge] [DEBUG] Validation completed.
20-04-2020 21:57:32.238 [Gauge] [DEBUG] Validation started.
20-04-2020 21:57:32.244 [Gauge] [DEBUG] Validation completed.
20-04-2020 21:57:40.470 [Gauge] [DEBUG] Validation started.
20-04-2020 21:57:40.474 [Gauge] [DEBUG] Validation completed.
20-04-2020 21:57:40.859 [Gauge] [DEBUG] Validation started.
20-04-2020 21:57:40.863 [Gauge] [DEBUG] Validation completed.
20-04-2020 21:57:41.324 [Gauge] [DEBUG] Validation started.
20-04-2020 21:57:41.329 [Gauge] [DEBUG] Validation completed.
20-04-2020 21:57:44.770 [Gauge] [DEBUG] Validation started.
20-04-2020 21:57:44.774 [Gauge] [DEBUG] Validation completed.
20-04-2020 21:57:45.174 [Gauge] [DEBUG] Validation started.
20-04-2020 21:57:45.178 [Gauge] [DEBUG] Validation completed.
20-04-2020 21:57:45.446 [Gauge] [DEBUG] Validation started.
20-04-2020 21:57:45.449 [Gauge] [DEBUG] Validation completed.
20-04-2020 21:58:39.708 [Gauge] [DEBUG] Validation started.
20-04-2020 21:58:39.715 [Gauge] [DEBUG] Validation completed.
20-04-2020 21:58:39.761 [Gauge] [DEBUG] Validation started.
20-04-2020 21:58:39.765 [Gauge] [DEBUG] Validation completed.
20-04-2020 21:58:40.955 [Gauge] [DEBUG] Validation started.
20-04-2020 21:58:40.962 [Gauge] [DEBUG] Validation completed.
20-04-2020 21:58:41.012 [Gauge] [DEBUG] Validation started.
20-04-2020 21:58:41.024 [Gauge] [DEBUG] Validation completed.
20-04-2020 22:17:16.673 [Gauge] [INFO] Connection closed
20-04-2020 22:17:16.679 [Gauge] [ERROR] Unable to log error 'Connection closed' to LSP: jsonrpc2: connection is closed
21-04-2020 14:30:05.871 [Gauge] [INFO] Watching directory: /Users/madduris/Documents/CATechTest/specs
21-04-2020 14:30:05.873 [Gauge] [DEBUG] Found 3 files
21-04-2020 14:30:06.863 [Gauge] [INFO] Initializing concepts cache with 0 concepts
21-04-2020 14:30:06.864 [Gauge] [INFO] Initializing specs cache with 2 specs
21-04-2020 14:30:06.864 [Gauge] [DEBUG] Adding specs from /Users/madduris/Documents/CATechTest/specs/example.spec
21-04-2020 14:30:06.864 [Gauge] [DEBUG] Adding specs from /Users/madduris/Documents/CATechTest/specs/home-page.spec
21-04-2020 14:30:06.864 [Gauge] [INFO] Initializing steps cache with 2 steps
21-04-2020 14:30:06.865 [Gauge] [INFO] Starting language runner
21-04-2020 14:30:09.291 [Gauge] [DEBUG] Attempting to connect to grpc server at port: 50490
21-04-2020 14:30:09.294 [Gauge] [DEBUG] Successfully made the connection with runner with port: 50490
21-04-2020 14:30:09.294 [Gauge] [INFO] LangServer: reading on stdin, writing on stdout
21-04-2020 14:30:10.085 [Gauge] [DEBUG] Validation started.
21-04-2020 14:30:10.092 [Gauge] [DEBUG] Validation completed.
21-04-2020 14:30:10.143 [Gauge] [DEBUG] Validation started.
21-04-2020 14:30:10.149 [Gauge] [DEBUG] Validation completed.
21-04-2020 14:31:59.560 [Gauge] [DEBUG] Validation started.
21-04-2020 14:31:59.568 [Gauge] [DEBUG] Validation completed.
21-04-2020 14:34:06.720 [Gauge] [DEBUG] Validation started.
21-04-2020 14:34:06.745 [Gauge] [DEBUG] Validation completed.
21-04-2020 14:34:09.581 [Gauge] [INFO] Spec file added / modified: /Users/madduris/Documents/CATechTest/specs/example.spec
21-04-2020 14:34:09.663 [Gauge] [DEBUG] Validation started.
21-04-2020 14:34:09.670 [Gauge] [DEBUG] Validation completed.
21-04-2020 14:34:09.768 [Gauge] [INFO] Spec file added / modified: /Users/madduris/Documents/CATechTest/specs/example.spec
21-04-2020 14:34:09.816 [Gauge] [DEBUG] Validation started.
21-04-2020 14:34:09.826 [Gauge] [DEBUG] Validation completed.
21-04-2020 14:34:10.110 [Gauge] [INFO] Spec file added / modified: /Users/madduris/Documents/CATechTest/specs/example.spec
21-04-2020 14:34:10.168 [Gauge] [DEBUG] Validation started.
21-04-2020 14:34:10.177 [Gauge] [DEBUG] Validation completed.
21-04-2020 14:34:10.257 [Gauge] [INFO] Spec file added / modified: /Users/madduris/Documents/CATechTest/specs/example.spec
21-04-2020 14:34:10.311 [Gauge] [DEBUG] Validation started.
21-04-2020 14:34:10.335 [Gauge] [DEBUG] Validation completed.
21-04-2020 14:34:11.155 [Gauge] [INFO] Spec file added / modified: /Users/madduris/Documents/CATechTest/specs/example.spec
21-04-2020 14:34:11.198 [Gauge] [DEBUG] Validation started.
21-04-2020 14:34:11.203 [Gauge] [DEBUG] Validation completed.
21-04-2020 14:34:11.471 [Gauge] [INFO] Spec file added / modified: /Users/madduris/Documents/CATechTest/specs/example.spec
21-04-2020 14:34:11.533 [Gauge] [DEBUG] Validation started.
21-04-2020 14:34:11.539 [Gauge] [DEBUG] Validation completed.
21-04-2020 14:34:12.120 [Gauge] [INFO] Spec file added / modified: /Users/madduris/Documents/CATechTest/specs/example.spec
21-04-2020 14:34:12.174 [Gauge] [DEBUG] Validation started.
21-04-2020 14:34:12.178 [Gauge] [DEBUG] Validation completed.
21-04-2020 14:34:12.261 [Gauge] [INFO] Spec file added / modified: /Users/madduris/Documents/CATechTest/specs/example.spec
21-04-2020 14:34:12.308 [Gauge] [DEBUG] Validation started.
21-04-2020 14:34:12.313 [Gauge] [DEBUG] Validation completed.
21-04-2020 14:34:12.407 [Gauge] [INFO] Spec file added / modified: /Users/madduris/Documents/CATechTest/specs/example.spec
21-04-2020 14:34:12.464 [Gauge] [DEBUG] Validation started.
21-04-2020 14:34:12.472 [Gauge] [DEBUG] Validation completed.
21-04-2020 14:34:12.608 [Gauge] [INFO] Spec file added / modified: /Users/madduris/Documents/CATechTest/specs/example.spec
21-04-2020 14:34:12.658 [Gauge] [DEBUG] Validation started.
21-04-2020 14:34:12.663 [Gauge] [DEBUG] Validation completed.
21-04-2020 14:34:12.754 [Gauge] [INFO] Spec file added / modified: /Users/madduris/Documents/CATechTest/specs/example.spec
21-04-2020 14:34:12.800 [Gauge] [DEBUG] Validation started.
21-04-2020 14:34:12.804 [Gauge] [DEBUG] Validation completed.
21-04-2020 14:34:13.002 [Gauge] [INFO] Spec file added / modified: /Users/madduris/Documents/CATechTest/specs/example.spec
21-04-2020 14:34:13.066 [Gauge] [DEBUG] Validation started.
21-04-2020 14:34:13.071 [Gauge] [DEBUG] Validation completed.
21-04-2020 14:34:13.835 [Gauge] [INFO] Spec file added / modified: /Users/madduris/Documents/CATechTest/specs/example.spec
21-04-2020 14:34:13.877 [Gauge] [DEBUG] Validation started.
21-04-2020 14:34:13.880 [Gauge] [DEBUG] Validation completed.
21-04-2020 14:34:14.572 [Gauge] [INFO] Spec file added / modified: /Users/madduris/Documents/CATechTest/specs/example.spec
21-04-2020 14:34:14.614 [Gauge] [DEBUG] Validation started.
21-04-2020 14:34:14.621 [Gauge] [DEBUG] Validation completed.
21-04-2020 16:39:59.427 [Gauge] [INFO] Spec file removed: /Users/madduris/Documents/CATechTest/specs/example.spec
21-04-2020 16:39:59.872 [Gauge] [DEBUG] Validation started.
21-04-2020 16:39:59.907 [Gauge] [DEBUG] Validation completed.
21-04-2020 16:40:00.086 [Gauge] [DEBUG] Validation started.
21-04-2020 16:40:00.089 [Gauge] [DEBUG] Validation completed.
21-04-2020 16:40:05.962 [Gauge] [DEBUG] Validation started.
21-04-2020 16:40:06.052 [Gauge] [DEBUG] Validation completed.
21-04-2020 16:40:14.028 [Gauge] [DEBUG] Validation started.
21-04-2020 16:40:14.033 [Gauge] [DEBUG] Validation completed.
21-04-2020 16:40:14.315 [Gauge] [DEBUG] Validation started.
21-04-2020 16:40:14.317 [Gauge] [DEBUG] Validation completed.
21-04-2020 22:08:07.584 [Gauge] [INFO] Watching directory: /Users/madduris/Documents/CATechTest/specs
21-04-2020 22:08:07.584 [Gauge] [DEBUG] Found 2 files
21-04-2020 22:08:07.840 [Gauge] [INFO] Initializing concepts cache with 0 concepts
21-04-2020 22:08:07.841 [Gauge] [INFO] Initializing specs cache with 1 specs
21-04-2020 22:08:07.841 [Gauge] [DEBUG] Adding specs from /Users/madduris/Documents/CATechTest/specs/home-page.spec
21-04-2020 22:08:07.841 [Gauge] [INFO] Initializing steps cache with 1 steps
21-04-2020 22:08:07.844 [Gauge] [INFO] Starting language runner
21-04-2020 22:08:08.363 [Gauge] [DEBUG] Attempting to connect to grpc server at port: 51323
21-04-2020 22:08:08.368 [Gauge] [DEBUG] Successfully made the connection with runner with port: 51323
21-04-2020 22:08:08.368 [Gauge] [INFO] LangServer: reading on stdin, writing on stdout
21-04-2020 22:08:08.432 [Gauge] [DEBUG] Validation started.
21-04-2020 22:08:08.437 [Gauge] [DEBUG] Validation completed.
21-04-2020 22:14:32.184 [Gauge] [INFO] Connection closed
21-04-2020 22:14:32.192 [Gauge] [ERROR] Unable to log error 'Connection closed' to LSP: jsonrpc2: connection is closed
